{
  "stats": {
    "suites": 1,
    "tests": 7,
    "passes": 0,
    "pending": 0,
    "failures": 7,
    "start": "2022-10-31T15:06:20.104Z",
    "end": "2022-10-31T15:06:51.303Z",
    "duration": 31199,
    "testsRegistered": 7,
    "passPercent": 0,
    "pendingPercent": 0,
    "other": 0,
    "hasOther": false,
    "skipped": 0,
    "hasSkipped": false
  },
  "results": [
    {
      "uuid": "37ffb029-97f4-4e14-886c-22a25e6025df",
      "title": "",
      "fullFile": "cypress\\e2e\\locators.cy.js",
      "file": "cypress\\e2e\\locators.cy.js",
      "beforeHooks": [],
      "afterHooks": [],
      "tests": [],
      "suites": [
        {
          "uuid": "5151cbdb-680e-47ea-8e58-4724b89d8493",
          "title": "start page",
          "fullFile": "",
          "file": "",
          "beforeHooks": [],
          "afterHooks": [],
          "tests": [
            {
              "title": "20 posts loaded on start",
              "fullTitle": "start page 20 posts loaded on start",
              "timedOut": null,
              "duration": 4339,
              "state": "failed",
              "speed": null,
              "pass": false,
              "fail": true,
              "pending": false,
              "context": null,
              "code": "cy.get(\".main-post\").should('have.length', numberOfPostsOnStart);",
              "err": {
                "message": "AssertionError: Timed out retrying after 4000ms: Expected to find element: `.main-post`, but never found it.",
                "estack": "AssertionError: Timed out retrying after 4000ms: Expected to find element: `.main-post`, but never found it.\n    at Context.eval (http://localhost:53099/__cypress/tests?p=cypress\\e2e\\locators.cy.js:109:26)",
                "diff": null
              },
              "uuid": "b9eebed1-1fc8-47c1-8a6f-86675005543f",
              "parentUUID": "5151cbdb-680e-47ea-8e58-4724b89d8493",
              "isHook": false,
              "skipped": false
            },
            {
              "title": "start page contains login button",
              "fullTitle": "start page start page contains login button",
              "timedOut": null,
              "duration": 4580,
              "state": "failed",
              "speed": null,
              "pass": false,
              "fail": true,
              "pending": false,
              "context": null,
              "code": "cy.isButtonWithTextExists(loginButtonText);",
              "err": {
                "message": "AssertionError: Timed out retrying after 4000ms: Expected to find element: `button`, but never found it.",
                "estack": "AssertionError: Timed out retrying after 4000ms: Expected to find element: `button`, but never found it.\n    at Context.eval (http://localhost:53099/__cypress/tests?p=cypress\\support\\e2e.ts:137:29)",
                "diff": null
              },
              "uuid": "ea69164f-ae22-4c57-8793-9be9e435863f",
              "parentUUID": "5151cbdb-680e-47ea-8e58-4724b89d8493",
              "isHook": false,
              "skipped": false
            },
            {
              "title": "start page contains register button",
              "fullTitle": "start page start page contains register button",
              "timedOut": null,
              "duration": 4304,
              "state": "failed",
              "speed": null,
              "pass": false,
              "fail": true,
              "pending": false,
              "context": null,
              "code": "cy.isButtonWithTextExists(registerButtonText);",
              "err": {
                "message": "AssertionError: Timed out retrying after 4000ms: Expected to find element: `button`, but never found it.",
                "estack": "AssertionError: Timed out retrying after 4000ms: Expected to find element: `button`, but never found it.\n    at Context.eval (http://localhost:53099/__cypress/tests?p=cypress\\support\\e2e.ts:137:29)",
                "diff": null
              },
              "uuid": "d5272510-37cc-4e5e-a1a1-00b6f262a519",
              "parentUUID": "5151cbdb-680e-47ea-8e58-4724b89d8493",
              "isHook": false,
              "skipped": false
            },
            {
              "title": "start page contains addPin button",
              "fullTitle": "start page start page contains addPin button",
              "timedOut": null,
              "duration": 4270,
              "state": "failed",
              "speed": null,
              "pass": false,
              "fail": true,
              "pending": false,
              "context": null,
              "code": "cy.isButtonWithTextExists(addPinButtonText);",
              "err": {
                "message": "AssertionError: Timed out retrying after 4000ms: Expected to find element: `button`, but never found it.",
                "estack": "AssertionError: Timed out retrying after 4000ms: Expected to find element: `button`, but never found it.\n    at Context.eval (http://localhost:53099/__cypress/tests?p=cypress\\support\\e2e.ts:137:29)",
                "diff": null
              },
              "uuid": "99874015-cd3b-4d0e-878b-8dba722feca4",
              "parentUUID": "5151cbdb-680e-47ea-8e58-4724b89d8493",
              "isHook": false,
              "skipped": false
            },
            {
              "title": "when add pin button is clicked, modal window is shown (not logged in)",
              "fullTitle": "start page when add pin button is clicked, modal window is shown (not logged in)",
              "timedOut": null,
              "duration": 4299,
              "state": "failed",
              "speed": null,
              "pass": false,
              "fail": true,
              "pending": false,
              "context": null,
              "code": "cy.get(\".add-pin-button\").then(item => {\n  addPinButtonText.forEach(text => {\n    const textCandidate = item.contents()[0].data.toLowerCase().trim();\n    if (textCandidate.toLowerCase() === text) {\n      item.click();\n      cy.get('.modal-ts__body').should('be.visible');\n    }\n  });\n});",
              "err": {
                "message": "AssertionError: Timed out retrying after 4000ms: Expected to find element: `.add-pin-button`, but never found it.",
                "estack": "AssertionError: Timed out retrying after 4000ms: Expected to find element: `.add-pin-button`, but never found it.\n    at Context.eval (http://localhost:53099/__cypress/tests?p=cypress\\e2e\\locators.cy.js:121:8)",
                "diff": null
              },
              "uuid": "0eb47ade-cd9d-4320-bf33-9aa46dabe07d",
              "parentUUID": "5151cbdb-680e-47ea-8e58-4724b89d8493",
              "isHook": false,
              "skipped": false
            },
            {
              "title": "cookies bar is hidden on click",
              "fullTitle": "start page cookies bar is hidden on click",
              "timedOut": null,
              "duration": 4547,
              "state": "failed",
              "speed": null,
              "pass": false,
              "fail": true,
              "pending": false,
              "context": null,
              "code": "const cokkieClass = 'cookie-prompt';\nconst numberOfButtonsInCookie = cy.get('.cookie-prompt').find('.btn').children.length;\nfor (let i = 0; i < numberOfButtonsInCookie; i++) {\n  cy.visit('/');\n  cy.wrap(cy.get('.' + cokkieClass).find('.btn').eq(i)).click();\n  cy.wait(4000);\n  cy.get('.' + cokkieClass).should('not.exist');\n  cy.wrap(cy.get('.fade')).click;\n}",
              "err": {
                "message": "AssertionError: Timed out retrying after 4000ms: Expected to find element: `.cookie-prompt`, but never found it.",
                "estack": "AssertionError: Timed out retrying after 4000ms: Expected to find element: `.cookie-prompt`, but never found it.\n    at Context.eval (http://localhost:53099/__cypress/tests?p=cypress\\e2e\\locators.cy.js:134:40)",
                "diff": null
              },
              "uuid": "59cb99b6-e880-41ce-99b5-7f753a09c9f8",
              "parentUUID": "5151cbdb-680e-47ea-8e58-4724b89d8493",
              "isHook": false,
              "skipped": false
            },
            {
              "title": "login/register window is opened when clicked",
              "fullTitle": "start page login/register window is opened when clicked",
              "timedOut": null,
              "duration": 4506,
              "state": "failed",
              "speed": null,
              "pass": false,
              "fail": true,
              "pending": false,
              "context": null,
              "code": "cy.get('.header__auth').find('.btn').each(item => {\n  cy.wrap(item).click();\n  cy.get('.register-login-body', {\n    timeout: 3000\n  }).should('be.visible');\n  cy.get('.fade').each(item => item.click());\n  cy.wait(1000);\n});",
              "err": {
                "message": "AssertionError: Timed out retrying after 4000ms: Expected to find element: `.header__auth`, but never found it.",
                "estack": "AssertionError: Timed out retrying after 4000ms: Expected to find element: `.header__auth`, but never found it.\n    at Context.eval (http://localhost:53099/__cypress/tests?p=cypress\\e2e\\locators.cy.js:145:8)",
                "diff": null
              },
              "uuid": "f75abd83-ca15-4889-a687-22d29abec4ad",
              "parentUUID": "5151cbdb-680e-47ea-8e58-4724b89d8493",
              "isHook": false,
              "skipped": false
            }
          ],
          "suites": [],
          "passes": [],
          "failures": [
            "b9eebed1-1fc8-47c1-8a6f-86675005543f",
            "ea69164f-ae22-4c57-8793-9be9e435863f",
            "d5272510-37cc-4e5e-a1a1-00b6f262a519",
            "99874015-cd3b-4d0e-878b-8dba722feca4",
            "0eb47ade-cd9d-4320-bf33-9aa46dabe07d",
            "59cb99b6-e880-41ce-99b5-7f753a09c9f8",
            "f75abd83-ca15-4889-a687-22d29abec4ad"
          ],
          "pending": [],
          "skipped": [],
          "duration": 30845,
          "root": false,
          "rootEmpty": false,
          "_timeout": 2000
        }
      ],
      "passes": [],
      "failures": [],
      "pending": [],
      "skipped": [],
      "duration": 0,
      "root": true,
      "rootEmpty": true,
      "_timeout": 2000
    }
  ],
  "meta": {
    "mocha": {
      "version": "7.0.1"
    },
    "mochawesome": {
      "options": {
        "quiet": false,
        "reportFilename": "mochawesome",
        "saveHtml": false,
        "saveJson": true,
        "consoleReporter": "spec",
        "useInlineDiffs": false,
        "code": true
      },
      "version": "7.1.3"
    },
    "marge": {
      "options": {
        "overwrite": false,
        "html": false,
        "json": true
      },
      "version": "6.2.0"
    }
  }
}