{
  "stats": {
    "suites": 1,
    "tests": 1,
    "passes": 0,
    "pending": 0,
    "failures": 1,
    "start": "2022-10-31T15:26:01.205Z",
    "end": "2022-10-31T15:26:06.701Z",
    "duration": 5496,
    "testsRegistered": 1,
    "passPercent": 0,
    "pendingPercent": 0,
    "other": 0,
    "hasOther": false,
    "skipped": 0,
    "hasSkipped": false
  },
  "results": [
    {
      "uuid": "3acb2bed-0af3-4d66-a78d-d38affef28e8",
      "title": "",
      "fullFile": "cypress\\e2e\\requests.cy.js",
      "file": "cypress\\e2e\\requests.cy.js",
      "beforeHooks": [],
      "afterHooks": [],
      "tests": [],
      "suites": [
        {
          "uuid": "ee77658d-6e4b-4831-a675-9a1bc584811e",
          "title": "Working with http requests",
          "fullFile": "",
          "file": "",
          "beforeHooks": [],
          "afterHooks": [],
          "tests": [
            {
              "title": "should intercept the request to DB for fetching posts(pins) and find post with 'ferris' in it",
              "fullTitle": "Working with http requests should intercept the request to DB for fetching posts(pins) and find post with 'ferris' in it",
              "timedOut": null,
              "duration": 5401,
              "state": "failed",
              "speed": null,
              "pass": false,
              "fail": true,
              "pending": false,
              "context": null,
              "code": "cy.intercept(\"GET\", \"https://localhost:3000\", {\n  fixture: \"posts.json\"\n});\ncy.get('.main-post__title').contains('ferris');",
              "err": {
                "message": "AssertionError: Timed out retrying after 4000ms: Expected to find element: `.main-post__title`, but never found it.",
                "estack": "AssertionError: Timed out retrying after 4000ms: Expected to find element: `.main-post__title`, but never found it.\n    at Context.eval (http://localhost/__cypress/tests?p=cypress\\e2e\\requests.cy.js:108:8)",
                "diff": null
              },
              "uuid": "570fc274-c181-4dd9-9977-e1bffe08e3d8",
              "parentUUID": "ee77658d-6e4b-4831-a675-9a1bc584811e",
              "isHook": false,
              "skipped": false
            }
          ],
          "suites": [],
          "passes": [],
          "failures": [
            "570fc274-c181-4dd9-9977-e1bffe08e3d8"
          ],
          "pending": [],
          "skipped": [],
          "duration": 5401,
          "root": false,
          "rootEmpty": false,
          "_timeout": 2000
        }
      ],
      "passes": [],
      "failures": [],
      "pending": [],
      "skipped": [],
      "duration": 0,
      "root": true,
      "rootEmpty": true,
      "_timeout": 2000
    }
  ],
  "meta": {
    "mocha": {
      "version": "7.0.1"
    },
    "mochawesome": {
      "options": {
        "quiet": false,
        "reportFilename": "mochawesome",
        "saveHtml": false,
        "saveJson": true,
        "consoleReporter": "spec",
        "useInlineDiffs": false,
        "code": true
      },
      "version": "7.1.3"
    },
    "marge": {
      "options": {
        "overwrite": false,
        "html": false,
        "json": true
      },
      "version": "6.2.0"
    }
  }
}