{
  "stats": {
    "suites": 1,
    "tests": 7,
    "passes": 5,
    "pending": 0,
    "failures": 2,
    "start": "2022-10-31T15:21:51.547Z",
    "end": "2022-10-31T15:22:05.215Z",
    "duration": 13668,
    "testsRegistered": 7,
    "passPercent": 71.42857142857143,
    "pendingPercent": 0,
    "other": 0,
    "hasOther": false,
    "skipped": 0,
    "hasSkipped": false
  },
  "results": [
    {
      "uuid": "02e64721-488f-4642-8086-34fe9aff25a0",
      "title": "",
      "fullFile": "cypress\\e2e\\locators.cy.js",
      "file": "cypress\\e2e\\locators.cy.js",
      "beforeHooks": [],
      "afterHooks": [],
      "tests": [],
      "suites": [
        {
          "uuid": "6e7652b5-8c5d-4d46-a92e-4b4a6f959f07",
          "title": "start page",
          "fullFile": "",
          "file": "",
          "beforeHooks": [],
          "afterHooks": [],
          "tests": [
            {
              "title": "20 posts loaded on start",
              "fullTitle": "start page 20 posts loaded on start",
              "timedOut": null,
              "duration": 4992,
              "state": "failed",
              "speed": null,
              "pass": false,
              "fail": true,
              "pending": false,
              "context": null,
              "code": "cy.get(\".main-post\").should('have.length', numberOfPostsOnStart);",
              "err": {
                "message": "AssertionError: Timed out retrying after 4000ms: Expected to find element: `.main-post`, but never found it.",
                "estack": "AssertionError: Timed out retrying after 4000ms: Expected to find element: `.main-post`, but never found it.\n    at Context.eval (http://localhost/__cypress/tests?p=cypress\\e2e\\locators.cy.js:109:26)",
                "diff": null
              },
              "uuid": "54bcc7e7-4756-48fa-97a3-a626b923b1c9",
              "parentUUID": "6e7652b5-8c5d-4d46-a92e-4b4a6f959f07",
              "isHook": false,
              "skipped": false
            },
            {
              "title": "start page contains login button",
              "fullTitle": "start page start page contains login button",
              "timedOut": null,
              "duration": 526,
              "state": "passed",
              "speed": "fast",
              "pass": true,
              "fail": false,
              "pending": false,
              "context": null,
              "code": "cy.isButtonWithTextExists(loginButtonText);",
              "err": {},
              "uuid": "fec687c0-9bcd-433f-a9dd-3fce14eb0a93",
              "parentUUID": "6e7652b5-8c5d-4d46-a92e-4b4a6f959f07",
              "isHook": false,
              "skipped": false
            },
            {
              "title": "start page contains register button",
              "fullTitle": "start page start page contains register button",
              "timedOut": null,
              "duration": 328,
              "state": "passed",
              "speed": "fast",
              "pass": true,
              "fail": false,
              "pending": false,
              "context": null,
              "code": "cy.isButtonWithTextExists(registerButtonText);",
              "err": {},
              "uuid": "0ef2a914-be54-4410-9e11-60001dd780d2",
              "parentUUID": "6e7652b5-8c5d-4d46-a92e-4b4a6f959f07",
              "isHook": false,
              "skipped": false
            },
            {
              "title": "start page contains addPin button",
              "fullTitle": "start page start page contains addPin button",
              "timedOut": null,
              "duration": 210,
              "state": "passed",
              "speed": "fast",
              "pass": true,
              "fail": false,
              "pending": false,
              "context": null,
              "code": "cy.isButtonWithTextExists(addPinButtonText);",
              "err": {},
              "uuid": "20d7721a-78c8-49b2-9fa4-6fb96f6cd16e",
              "parentUUID": "6e7652b5-8c5d-4d46-a92e-4b4a6f959f07",
              "isHook": false,
              "skipped": false
            },
            {
              "title": "when add pin button is clicked, modal window is shown (not logged in)",
              "fullTitle": "start page when add pin button is clicked, modal window is shown (not logged in)",
              "timedOut": null,
              "duration": 394,
              "state": "passed",
              "speed": "fast",
              "pass": true,
              "fail": false,
              "pending": false,
              "context": null,
              "code": "cy.get(\".add-pin-button\").then(item => {\n  addPinButtonText.forEach(text => {\n    const textCandidate = item.contents()[0].data.toLowerCase().trim();\n    if (textCandidate.toLowerCase() === text) {\n      item.click();\n      cy.get('.modal-ts__body').should('be.visible');\n    }\n  });\n});",
              "err": {},
              "uuid": "972355a3-990d-487e-b25b-698567aa36e4",
              "parentUUID": "6e7652b5-8c5d-4d46-a92e-4b4a6f959f07",
              "isHook": false,
              "skipped": false
            },
            {
              "title": "cookies bar is hidden on click",
              "fullTitle": "start page cookies bar is hidden on click",
              "timedOut": null,
              "duration": 4370,
              "state": "failed",
              "speed": null,
              "pass": false,
              "fail": true,
              "pending": false,
              "context": null,
              "code": "const cokkieClass = 'cookie-prompt';\nconst numberOfButtonsInCookie = cy.get('.cookie-prompt').find('.btn').children.length;\nfor (let i = 0; i < numberOfButtonsInCookie; i++) {\n  cy.visit('/');\n  cy.wrap(cy.get('.' + cokkieClass).find('.btn').eq(i)).click();\n  cy.wait(4000);\n  cy.get('.' + cokkieClass).should('not.exist');\n  cy.wrap(cy.get('.fade')).click;\n}",
              "err": {
                "message": "AssertionError: Timed out retrying after 4000ms: Expected to find element: `.cookie-prompt`, but never found it.",
                "estack": "AssertionError: Timed out retrying after 4000ms: Expected to find element: `.cookie-prompt`, but never found it.\n    at Context.eval (http://localhost/__cypress/tests?p=cypress\\e2e\\locators.cy.js:134:40)",
                "diff": null
              },
              "uuid": "7148511b-bc03-4cba-9929-2d7d1b26a87d",
              "parentUUID": "6e7652b5-8c5d-4d46-a92e-4b4a6f959f07",
              "isHook": false,
              "skipped": false
            },
            {
              "title": "login/register window is opened when clicked",
              "fullTitle": "start page login/register window is opened when clicked",
              "timedOut": null,
              "duration": 2662,
              "state": "passed",
              "speed": "fast",
              "pass": true,
              "fail": false,
              "pending": false,
              "context": null,
              "code": "cy.get('.header__auth').find('.btn').each(item => {\n  cy.wrap(item).click();\n  cy.get('.register-login-body', {\n    timeout: 3000\n  }).should('be.visible');\n  cy.get('.fade').each(item => item.click());\n  cy.wait(1000);\n});",
              "err": {},
              "uuid": "d112787c-e14a-4a90-8b84-eeaf3e7bd410",
              "parentUUID": "6e7652b5-8c5d-4d46-a92e-4b4a6f959f07",
              "isHook": false,
              "skipped": false
            }
          ],
          "suites": [],
          "passes": [
            "fec687c0-9bcd-433f-a9dd-3fce14eb0a93",
            "0ef2a914-be54-4410-9e11-60001dd780d2",
            "20d7721a-78c8-49b2-9fa4-6fb96f6cd16e",
            "972355a3-990d-487e-b25b-698567aa36e4",
            "d112787c-e14a-4a90-8b84-eeaf3e7bd410"
          ],
          "failures": [
            "54bcc7e7-4756-48fa-97a3-a626b923b1c9",
            "7148511b-bc03-4cba-9929-2d7d1b26a87d"
          ],
          "pending": [],
          "skipped": [],
          "duration": 13482,
          "root": false,
          "rootEmpty": false,
          "_timeout": 2000
        }
      ],
      "passes": [],
      "failures": [],
      "pending": [],
      "skipped": [],
      "duration": 0,
      "root": true,
      "rootEmpty": true,
      "_timeout": 2000
    }
  ],
  "meta": {
    "mocha": {
      "version": "7.0.1"
    },
    "mochawesome": {
      "options": {
        "quiet": false,
        "reportFilename": "mochawesome",
        "saveHtml": false,
        "saveJson": true,
        "consoleReporter": "spec",
        "useInlineDiffs": false,
        "code": true
      },
      "version": "7.1.3"
    },
    "marge": {
      "options": {
        "overwrite": false,
        "html": false,
        "json": true
      },
      "version": "6.2.0"
    }
  }
}