{
  "stats": {
    "suites": 1,
    "tests": 1,
    "passes": 1,
    "pending": 0,
    "failures": 0,
    "start": "2022-10-31T15:45:04.341Z",
    "end": "2022-10-31T15:45:05.530Z",
    "duration": 1189,
    "testsRegistered": 1,
    "passPercent": 100,
    "pendingPercent": 0,
    "other": 0,
    "hasOther": false,
    "skipped": 0,
    "hasSkipped": false
  },
  "results": [
    {
      "uuid": "3fd7b520-4adc-4255-94f6-2f2d8feff59d",
      "title": "",
      "fullFile": "cypress\\e2e\\requests.cy.js",
      "file": "cypress\\e2e\\requests.cy.js",
      "beforeHooks": [],
      "afterHooks": [],
      "tests": [],
      "suites": [
        {
          "uuid": "3e3ab52a-bdf1-4386-9be2-a2bdfcf2ec26",
          "title": "Working with http requests",
          "fullFile": "",
          "file": "",
          "beforeHooks": [],
          "afterHooks": [],
          "tests": [
            {
              "title": "should intercept the request to DB for fetching posts(pins) and find post with 'ferris' in it",
              "fullTitle": "Working with http requests should intercept the request to DB for fetching posts(pins) and find post with 'ferris' in it",
              "timedOut": null,
              "duration": 1069,
              "state": "passed",
              "speed": "fast",
              "pass": true,
              "fail": false,
              "pending": false,
              "context": null,
              "code": "cy.get('.main-post__title').contains('ferris');",
              "err": {},
              "uuid": "b5acbb2d-c82f-4402-a0bf-9a1c2bcf94d9",
              "parentUUID": "3e3ab52a-bdf1-4386-9be2-a2bdfcf2ec26",
              "isHook": false,
              "skipped": false
            }
          ],
          "suites": [],
          "passes": [
            "b5acbb2d-c82f-4402-a0bf-9a1c2bcf94d9"
          ],
          "failures": [],
          "pending": [],
          "skipped": [],
          "duration": 1069,
          "root": false,
          "rootEmpty": false,
          "_timeout": 2000
        }
      ],
      "passes": [],
      "failures": [],
      "pending": [],
      "skipped": [],
      "duration": 0,
      "root": true,
      "rootEmpty": true,
      "_timeout": 2000
    }
  ],
  "meta": {
    "mocha": {
      "version": "7.0.1"
    },
    "mochawesome": {
      "options": {
        "quiet": false,
        "reportFilename": "mochawesome",
        "saveHtml": false,
        "saveJson": true,
        "consoleReporter": "spec",
        "useInlineDiffs": false,
        "code": true
      },
      "version": "7.1.3"
    },
    "marge": {
      "options": {
        "overwrite": false,
        "html": false,
        "json": true
      },
      "version": "6.2.0"
    }
  }
}