{
  "stats": {
    "suites": 1,
    "tests": 1,
    "passes": 0,
    "pending": 0,
    "failures": 1,
    "start": "2022-10-31T15:16:36.325Z",
    "end": "2022-10-31T15:16:40.749Z",
    "duration": 4424,
    "testsRegistered": 1,
    "passPercent": 0,
    "pendingPercent": 0,
    "other": 0,
    "hasOther": false,
    "skipped": 0,
    "hasSkipped": false
  },
  "results": [
    {
      "uuid": "80cbea30-12fe-4fdb-ab6b-dc48acd6d299",
      "title": "",
      "fullFile": "cypress\\e2e\\requests.cy.js",
      "file": "cypress\\e2e\\requests.cy.js",
      "beforeHooks": [],
      "afterHooks": [],
      "tests": [],
      "suites": [
        {
          "uuid": "d5d43c8e-b369-48cb-8643-870854529ed2",
          "title": "Working with http requests",
          "fullFile": "",
          "file": "",
          "beforeHooks": [],
          "afterHooks": [],
          "tests": [
            {
              "title": "should intercept the request to DB for fetching posts(pins) and find post with 'ferris' in it",
              "fullTitle": "Working with http requests should intercept the request to DB for fetching posts(pins) and find post with 'ferris' in it",
              "timedOut": null,
              "duration": 4309,
              "state": "failed",
              "speed": null,
              "pass": false,
              "fail": true,
              "pending": false,
              "context": null,
              "code": "cy.intercept(\"GET\", \"https://localhost:3000\", {\n  fixture: \"posts.json\"\n});\ncy.get('.main-post__title').contains('ferris');",
              "err": {
                "message": "AssertionError: Timed out retrying after 4000ms: Expected to find element: `.main-post__title`, but never found it.",
                "estack": "AssertionError: Timed out retrying after 4000ms: Expected to find element: `.main-post__title`, but never found it.\n    at Context.eval (http://localhost:53394/__cypress/tests?p=cypress\\e2e\\requests.cy.js:108:8)",
                "diff": null
              },
              "uuid": "47a057ab-aa1c-4aff-9b88-d7b7badf52ca",
              "parentUUID": "d5d43c8e-b369-48cb-8643-870854529ed2",
              "isHook": false,
              "skipped": false
            }
          ],
          "suites": [],
          "passes": [],
          "failures": [
            "47a057ab-aa1c-4aff-9b88-d7b7badf52ca"
          ],
          "pending": [],
          "skipped": [],
          "duration": 4309,
          "root": false,
          "rootEmpty": false,
          "_timeout": 2000
        }
      ],
      "passes": [],
      "failures": [],
      "pending": [],
      "skipped": [],
      "duration": 0,
      "root": true,
      "rootEmpty": true,
      "_timeout": 2000
    }
  ],
  "meta": {
    "mocha": {
      "version": "7.0.1"
    },
    "mochawesome": {
      "options": {
        "quiet": false,
        "reportFilename": "mochawesome",
        "saveHtml": false,
        "saveJson": true,
        "consoleReporter": "spec",
        "useInlineDiffs": false,
        "code": true
      },
      "version": "7.1.3"
    },
    "marge": {
      "options": {
        "overwrite": false,
        "html": false,
        "json": true
      },
      "version": "6.2.0"
    }
  }
}