{
  "stats": {
    "suites": 1,
    "tests": 1,
    "passes": 0,
    "pending": 0,
    "failures": 1,
    "start": "2022-10-31T15:07:05.057Z",
    "end": "2022-10-31T15:07:09.576Z",
    "duration": 4519,
    "testsRegistered": 1,
    "passPercent": 0,
    "pendingPercent": 0,
    "other": 0,
    "hasOther": false,
    "skipped": 0,
    "hasSkipped": false
  },
  "results": [
    {
      "uuid": "df044998-674f-43b7-a52d-831ad4d16f20",
      "title": "",
      "fullFile": "cypress\\e2e\\requests.cy.js",
      "file": "cypress\\e2e\\requests.cy.js",
      "beforeHooks": [],
      "afterHooks": [],
      "tests": [],
      "suites": [
        {
          "uuid": "1358b381-d05b-4a6f-8de9-c54f2d99d23d",
          "title": "Working with http requests",
          "fullFile": "",
          "file": "",
          "beforeHooks": [],
          "afterHooks": [],
          "tests": [
            {
              "title": "should intercept the request to DB for fetching posts(pins) and find post with 'ferris' in it",
              "fullTitle": "Working with http requests should intercept the request to DB for fetching posts(pins) and find post with 'ferris' in it",
              "timedOut": null,
              "duration": 4406,
              "state": "failed",
              "speed": null,
              "pass": false,
              "fail": true,
              "pending": false,
              "context": null,
              "code": "cy.intercept(\"GET\", \"https://localhost:3000\", {\n  fixture: \"posts.json\"\n});\ncy.get('.main-post__title').contains('ferris');",
              "err": {
                "message": "AssertionError: Timed out retrying after 4000ms: Expected to find element: `.main-post__title`, but never found it.",
                "estack": "AssertionError: Timed out retrying after 4000ms: Expected to find element: `.main-post__title`, but never found it.\n    at Context.eval (http://localhost:53099/__cypress/tests?p=cypress\\e2e\\requests.cy.js:108:8)",
                "diff": null
              },
              "uuid": "0e25c61b-e944-4722-b8e5-93f5f46d16c3",
              "parentUUID": "1358b381-d05b-4a6f-8de9-c54f2d99d23d",
              "isHook": false,
              "skipped": false
            }
          ],
          "suites": [],
          "passes": [],
          "failures": [
            "0e25c61b-e944-4722-b8e5-93f5f46d16c3"
          ],
          "pending": [],
          "skipped": [],
          "duration": 4406,
          "root": false,
          "rootEmpty": false,
          "_timeout": 2000
        }
      ],
      "passes": [],
      "failures": [],
      "pending": [],
      "skipped": [],
      "duration": 0,
      "root": true,
      "rootEmpty": true,
      "_timeout": 2000
    }
  ],
  "meta": {
    "mocha": {
      "version": "7.0.1"
    },
    "mochawesome": {
      "options": {
        "quiet": false,
        "reportFilename": "mochawesome",
        "saveHtml": false,
        "saveJson": true,
        "consoleReporter": "spec",
        "useInlineDiffs": false,
        "code": true
      },
      "version": "7.1.3"
    },
    "marge": {
      "options": {
        "overwrite": false,
        "html": false,
        "json": true
      },
      "version": "6.2.0"
    }
  }
}