{
  "stats": {
    "suites": 1,
    "tests": 7,
    "passes": 0,
    "pending": 0,
    "failures": 7,
    "start": "2022-10-31T15:15:55.803Z",
    "end": "2022-10-31T15:16:26.618Z",
    "duration": 30815,
    "testsRegistered": 7,
    "passPercent": 0,
    "pendingPercent": 0,
    "other": 0,
    "hasOther": false,
    "skipped": 0,
    "hasSkipped": false
  },
  "results": [
    {
      "uuid": "878f71bc-8fcc-4aa5-aa21-4d4594788baf",
      "title": "",
      "fullFile": "cypress\\e2e\\locators.cy.js",
      "file": "cypress\\e2e\\locators.cy.js",
      "beforeHooks": [],
      "afterHooks": [],
      "tests": [],
      "suites": [
        {
          "uuid": "6634fab7-4290-4fa1-944b-e100f8ebfbba",
          "title": "start page",
          "fullFile": "",
          "file": "",
          "beforeHooks": [],
          "afterHooks": [],
          "tests": [
            {
              "title": "20 posts loaded on start",
              "fullTitle": "start page 20 posts loaded on start",
              "timedOut": null,
              "duration": 4338,
              "state": "failed",
              "speed": null,
              "pass": false,
              "fail": true,
              "pending": false,
              "context": null,
              "code": "cy.get(\".main-post\").should('have.length', numberOfPostsOnStart);",
              "err": {
                "message": "AssertionError: Timed out retrying after 4000ms: Expected to find element: `.main-post`, but never found it.",
                "estack": "AssertionError: Timed out retrying after 4000ms: Expected to find element: `.main-post`, but never found it.\n    at Context.eval (http://localhost:53394/__cypress/tests?p=cypress\\e2e\\locators.cy.js:109:26)",
                "diff": null
              },
              "uuid": "619cf8a8-9620-439e-a0f4-9f6bd608f548",
              "parentUUID": "6634fab7-4290-4fa1-944b-e100f8ebfbba",
              "isHook": false,
              "skipped": false
            },
            {
              "title": "start page contains login button",
              "fullTitle": "start page start page contains login button",
              "timedOut": null,
              "duration": 4288,
              "state": "failed",
              "speed": null,
              "pass": false,
              "fail": true,
              "pending": false,
              "context": null,
              "code": "cy.isButtonWithTextExists(loginButtonText);",
              "err": {
                "message": "AssertionError: Timed out retrying after 4000ms: Expected to find element: `button`, but never found it.",
                "estack": "AssertionError: Timed out retrying after 4000ms: Expected to find element: `button`, but never found it.\n    at Context.eval (http://localhost:53394/__cypress/tests?p=cypress\\support\\e2e.ts:137:29)",
                "diff": null
              },
              "uuid": "3b26b6fe-ceb5-430f-a4f1-e4c4ab0fcd6d",
              "parentUUID": "6634fab7-4290-4fa1-944b-e100f8ebfbba",
              "isHook": false,
              "skipped": false
            },
            {
              "title": "start page contains register button",
              "fullTitle": "start page start page contains register button",
              "timedOut": null,
              "duration": 4347,
              "state": "failed",
              "speed": null,
              "pass": false,
              "fail": true,
              "pending": false,
              "context": null,
              "code": "cy.isButtonWithTextExists(registerButtonText);",
              "err": {
                "message": "AssertionError: Timed out retrying after 4000ms: Expected to find element: `button`, but never found it.",
                "estack": "AssertionError: Timed out retrying after 4000ms: Expected to find element: `button`, but never found it.\n    at Context.eval (http://localhost:53394/__cypress/tests?p=cypress\\support\\e2e.ts:137:29)",
                "diff": null
              },
              "uuid": "f642c76d-2113-4aad-9754-ce49c05921d3",
              "parentUUID": "6634fab7-4290-4fa1-944b-e100f8ebfbba",
              "isHook": false,
              "skipped": false
            },
            {
              "title": "start page contains addPin button",
              "fullTitle": "start page start page contains addPin button",
              "timedOut": null,
              "duration": 4405,
              "state": "failed",
              "speed": null,
              "pass": false,
              "fail": true,
              "pending": false,
              "context": null,
              "code": "cy.isButtonWithTextExists(addPinButtonText);",
              "err": {
                "message": "AssertionError: Timed out retrying after 4000ms: Expected to find element: `button`, but never found it.",
                "estack": "AssertionError: Timed out retrying after 4000ms: Expected to find element: `button`, but never found it.\n    at Context.eval (http://localhost:53394/__cypress/tests?p=cypress\\support\\e2e.ts:137:29)",
                "diff": null
              },
              "uuid": "aa3445ff-ce44-4fa6-b42c-a6180a69e6f0",
              "parentUUID": "6634fab7-4290-4fa1-944b-e100f8ebfbba",
              "isHook": false,
              "skipped": false
            },
            {
              "title": "when add pin button is clicked, modal window is shown (not logged in)",
              "fullTitle": "start page when add pin button is clicked, modal window is shown (not logged in)",
              "timedOut": null,
              "duration": 4379,
              "state": "failed",
              "speed": null,
              "pass": false,
              "fail": true,
              "pending": false,
              "context": null,
              "code": "cy.get(\".add-pin-button\").then(item => {\n  addPinButtonText.forEach(text => {\n    const textCandidate = item.contents()[0].data.toLowerCase().trim();\n    if (textCandidate.toLowerCase() === text) {\n      item.click();\n      cy.get('.modal-ts__body').should('be.visible');\n    }\n  });\n});",
              "err": {
                "message": "AssertionError: Timed out retrying after 4000ms: Expected to find element: `.add-pin-button`, but never found it.",
                "estack": "AssertionError: Timed out retrying after 4000ms: Expected to find element: `.add-pin-button`, but never found it.\n    at Context.eval (http://localhost:53394/__cypress/tests?p=cypress\\e2e\\locators.cy.js:121:8)",
                "diff": null
              },
              "uuid": "9ff0fd62-3664-4dc8-a5a0-9f77f6236411",
              "parentUUID": "6634fab7-4290-4fa1-944b-e100f8ebfbba",
              "isHook": false,
              "skipped": false
            },
            {
              "title": "cookies bar is hidden on click",
              "fullTitle": "start page cookies bar is hidden on click",
              "timedOut": null,
              "duration": 4369,
              "state": "failed",
              "speed": null,
              "pass": false,
              "fail": true,
              "pending": false,
              "context": null,
              "code": "const cokkieClass = 'cookie-prompt';\nconst numberOfButtonsInCookie = cy.get('.cookie-prompt').find('.btn').children.length;\nfor (let i = 0; i < numberOfButtonsInCookie; i++) {\n  cy.visit('/');\n  cy.wrap(cy.get('.' + cokkieClass).find('.btn').eq(i)).click();\n  cy.wait(4000);\n  cy.get('.' + cokkieClass).should('not.exist');\n  cy.wrap(cy.get('.fade')).click;\n}",
              "err": {
                "message": "AssertionError: Timed out retrying after 4000ms: Expected to find element: `.cookie-prompt`, but never found it.",
                "estack": "AssertionError: Timed out retrying after 4000ms: Expected to find element: `.cookie-prompt`, but never found it.\n    at Context.eval (http://localhost:53394/__cypress/tests?p=cypress\\e2e\\locators.cy.js:134:40)",
                "diff": null
              },
              "uuid": "a8179b58-7cba-490a-8531-f8e7ff1c1b02",
              "parentUUID": "6634fab7-4290-4fa1-944b-e100f8ebfbba",
              "isHook": false,
              "skipped": false
            },
            {
              "title": "login/register window is opened when clicked",
              "fullTitle": "start page login/register window is opened when clicked",
              "timedOut": null,
              "duration": 4433,
              "state": "failed",
              "speed": null,
              "pass": false,
              "fail": true,
              "pending": false,
              "context": null,
              "code": "cy.get('.header__auth').find('.btn').each(item => {\n  cy.wrap(item).click();\n  cy.get('.register-login-body', {\n    timeout: 3000\n  }).should('be.visible');\n  cy.get('.fade').each(item => item.click());\n  cy.wait(1000);\n});",
              "err": {
                "message": "AssertionError: Timed out retrying after 4000ms: Expected to find element: `.header__auth`, but never found it.",
                "estack": "AssertionError: Timed out retrying after 4000ms: Expected to find element: `.header__auth`, but never found it.\n    at Context.eval (http://localhost:53394/__cypress/tests?p=cypress\\e2e\\locators.cy.js:145:8)",
                "diff": null
              },
              "uuid": "af355b71-738a-4612-bf8b-eb78e390549f",
              "parentUUID": "6634fab7-4290-4fa1-944b-e100f8ebfbba",
              "isHook": false,
              "skipped": false
            }
          ],
          "suites": [],
          "passes": [],
          "failures": [
            "619cf8a8-9620-439e-a0f4-9f6bd608f548",
            "3b26b6fe-ceb5-430f-a4f1-e4c4ab0fcd6d",
            "f642c76d-2113-4aad-9754-ce49c05921d3",
            "aa3445ff-ce44-4fa6-b42c-a6180a69e6f0",
            "9ff0fd62-3664-4dc8-a5a0-9f77f6236411",
            "a8179b58-7cba-490a-8531-f8e7ff1c1b02",
            "af355b71-738a-4612-bf8b-eb78e390549f"
          ],
          "pending": [],
          "skipped": [],
          "duration": 30559,
          "root": false,
          "rootEmpty": false,
          "_timeout": 2000
        }
      ],
      "passes": [],
      "failures": [],
      "pending": [],
      "skipped": [],
      "duration": 0,
      "root": true,
      "rootEmpty": true,
      "_timeout": 2000
    }
  ],
  "meta": {
    "mocha": {
      "version": "7.0.1"
    },
    "mochawesome": {
      "options": {
        "quiet": false,
        "reportFilename": "mochawesome",
        "saveHtml": false,
        "saveJson": true,
        "consoleReporter": "spec",
        "useInlineDiffs": false,
        "code": true
      },
      "version": "7.1.3"
    },
    "marge": {
      "options": {
        "overwrite": false,
        "html": false,
        "json": true
      },
      "version": "6.2.0"
    }
  }
}