{
  "stats": {
    "suites": 1,
    "tests": 7,
    "passes": 0,
    "pending": 0,
    "failures": 7,
    "start": "2022-10-31T15:25:15.991Z",
    "end": "2022-10-31T15:25:46.461Z",
    "duration": 30470,
    "testsRegistered": 7,
    "passPercent": 0,
    "pendingPercent": 0,
    "other": 0,
    "hasOther": false,
    "skipped": 0,
    "hasSkipped": false
  },
  "results": [
    {
      "uuid": "d8bf2a9a-8582-4922-96af-ccb636a431e2",
      "title": "",
      "fullFile": "cypress\\e2e\\locators.cy.js",
      "file": "cypress\\e2e\\locators.cy.js",
      "beforeHooks": [],
      "afterHooks": [],
      "tests": [],
      "suites": [
        {
          "uuid": "3f25c1ee-7985-40de-a013-5a67b65ea8dd",
          "title": "start page",
          "fullFile": "",
          "file": "",
          "beforeHooks": [],
          "afterHooks": [],
          "tests": [
            {
              "title": "20 posts loaded on start",
              "fullTitle": "start page 20 posts loaded on start",
              "timedOut": null,
              "duration": 4332,
              "state": "failed",
              "speed": null,
              "pass": false,
              "fail": true,
              "pending": false,
              "context": null,
              "code": "cy.get(\".main-post\").should('have.length', numberOfPostsOnStart);",
              "err": {
                "message": "AssertionError: Timed out retrying after 4000ms: Expected to find element: `.main-post`, but never found it.",
                "estack": "AssertionError: Timed out retrying after 4000ms: Expected to find element: `.main-post`, but never found it.\n    at Context.eval (http://localhost/__cypress/tests?p=cypress\\e2e\\locators.cy.js:111:26)",
                "diff": null
              },
              "uuid": "e46fbca5-4363-43d1-b954-58f30ef62a74",
              "parentUUID": "3f25c1ee-7985-40de-a013-5a67b65ea8dd",
              "isHook": false,
              "skipped": false
            },
            {
              "title": "start page contains login button",
              "fullTitle": "start page start page contains login button",
              "timedOut": null,
              "duration": 4469,
              "state": "failed",
              "speed": null,
              "pass": false,
              "fail": true,
              "pending": false,
              "context": null,
              "code": "cy.isButtonWithTextExists(loginButtonText);",
              "err": {
                "message": "AssertionError: Timed out retrying after 4000ms: Expected to find element: `button`, but never found it.",
                "estack": "AssertionError: Timed out retrying after 4000ms: Expected to find element: `button`, but never found it.\n    at Context.eval (http://localhost/__cypress/tests?p=cypress\\support\\e2e.ts:137:29)",
                "diff": null
              },
              "uuid": "95bd9f6c-434b-4363-87e8-0ab9725ed569",
              "parentUUID": "3f25c1ee-7985-40de-a013-5a67b65ea8dd",
              "isHook": false,
              "skipped": false
            },
            {
              "title": "start page contains register button",
              "fullTitle": "start page start page contains register button",
              "timedOut": null,
              "duration": 4274,
              "state": "failed",
              "speed": null,
              "pass": false,
              "fail": true,
              "pending": false,
              "context": null,
              "code": "cy.isButtonWithTextExists(registerButtonText);",
              "err": {
                "message": "AssertionError: Timed out retrying after 4000ms: Expected to find element: `button`, but never found it.",
                "estack": "AssertionError: Timed out retrying after 4000ms: Expected to find element: `button`, but never found it.\n    at Context.eval (http://localhost/__cypress/tests?p=cypress\\support\\e2e.ts:137:29)",
                "diff": null
              },
              "uuid": "b541c7af-d460-4a2f-b447-5e19dfd0b6e2",
              "parentUUID": "3f25c1ee-7985-40de-a013-5a67b65ea8dd",
              "isHook": false,
              "skipped": false
            },
            {
              "title": "start page contains addPin button",
              "fullTitle": "start page start page contains addPin button",
              "timedOut": null,
              "duration": 4300,
              "state": "failed",
              "speed": null,
              "pass": false,
              "fail": true,
              "pending": false,
              "context": null,
              "code": "cy.isButtonWithTextExists(addPinButtonText);",
              "err": {
                "message": "AssertionError: Timed out retrying after 4000ms: Expected to find element: `button`, but never found it.",
                "estack": "AssertionError: Timed out retrying after 4000ms: Expected to find element: `button`, but never found it.\n    at Context.eval (http://localhost/__cypress/tests?p=cypress\\support\\e2e.ts:137:29)",
                "diff": null
              },
              "uuid": "4821ff6c-8f46-43bf-b0ee-0980fef91185",
              "parentUUID": "3f25c1ee-7985-40de-a013-5a67b65ea8dd",
              "isHook": false,
              "skipped": false
            },
            {
              "title": "when add pin button is clicked, modal window is shown (not logged in)",
              "fullTitle": "start page when add pin button is clicked, modal window is shown (not logged in)",
              "timedOut": null,
              "duration": 4295,
              "state": "failed",
              "speed": null,
              "pass": false,
              "fail": true,
              "pending": false,
              "context": null,
              "code": "cy.get(\".add-pin-button\").then(item => {\n  addPinButtonText.forEach(text => {\n    const textCandidate = item.contents()[0].data.toLowerCase().trim();\n    if (textCandidate.toLowerCase() === text) {\n      item.click();\n      cy.get('.modal-ts__body').should('be.visible');\n    }\n  });\n});",
              "err": {
                "message": "AssertionError: Timed out retrying after 4000ms: Expected to find element: `.add-pin-button`, but never found it.",
                "estack": "AssertionError: Timed out retrying after 4000ms: Expected to find element: `.add-pin-button`, but never found it.\n    at Context.eval (http://localhost/__cypress/tests?p=cypress\\e2e\\locators.cy.js:123:8)",
                "diff": null
              },
              "uuid": "fdd4215e-bac6-41e0-9801-dbec80463ce0",
              "parentUUID": "3f25c1ee-7985-40de-a013-5a67b65ea8dd",
              "isHook": false,
              "skipped": false
            },
            {
              "title": "cookies bar is hidden on click",
              "fullTitle": "start page cookies bar is hidden on click",
              "timedOut": null,
              "duration": 4289,
              "state": "failed",
              "speed": null,
              "pass": false,
              "fail": true,
              "pending": false,
              "context": null,
              "code": "const cokkieClass = 'cookie-prompt';\nconst numberOfButtonsInCookie = cy.get('.cookie-prompt').find('.btn').children.length;\nfor (let i = 0; i < numberOfButtonsInCookie; i++) {\n  cy.visit('/');\n  cy.wrap(cy.get('.' + cokkieClass).find('.btn').eq(i)).click();\n  cy.wait(4000);\n  cy.get('.' + cokkieClass).should('not.exist');\n  cy.wrap(cy.get('.fade')).click;\n}",
              "err": {
                "message": "AssertionError: Timed out retrying after 4000ms: Expected to find element: `.cookie-prompt`, but never found it.",
                "estack": "AssertionError: Timed out retrying after 4000ms: Expected to find element: `.cookie-prompt`, but never found it.\n    at Context.eval (http://localhost/__cypress/tests?p=cypress\\e2e\\locators.cy.js:136:40)",
                "diff": null
              },
              "uuid": "b1f18435-8146-463c-9119-cf69c34888a6",
              "parentUUID": "3f25c1ee-7985-40de-a013-5a67b65ea8dd",
              "isHook": false,
              "skipped": false
            },
            {
              "title": "login/register window is opened when clicked",
              "fullTitle": "start page login/register window is opened when clicked",
              "timedOut": null,
              "duration": 4229,
              "state": "failed",
              "speed": null,
              "pass": false,
              "fail": true,
              "pending": false,
              "context": null,
              "code": "cy.get('.header__auth').find('.btn').each(item => {\n  cy.wrap(item).click();\n  cy.get('.register-login-body', {\n    timeout: 3000\n  }).should('be.visible');\n  cy.get('.fade').each(item => item.click());\n  cy.wait(1000);\n});",
              "err": {
                "message": "AssertionError: Timed out retrying after 4000ms: Expected to find element: `.header__auth`, but never found it.",
                "estack": "AssertionError: Timed out retrying after 4000ms: Expected to find element: `.header__auth`, but never found it.\n    at Context.eval (http://localhost/__cypress/tests?p=cypress\\e2e\\locators.cy.js:147:8)",
                "diff": null
              },
              "uuid": "5dbb575e-ca9c-49d1-a787-9e40e412caab",
              "parentUUID": "3f25c1ee-7985-40de-a013-5a67b65ea8dd",
              "isHook": false,
              "skipped": false
            }
          ],
          "suites": [],
          "passes": [],
          "failures": [
            "e46fbca5-4363-43d1-b954-58f30ef62a74",
            "95bd9f6c-434b-4363-87e8-0ab9725ed569",
            "b541c7af-d460-4a2f-b447-5e19dfd0b6e2",
            "4821ff6c-8f46-43bf-b0ee-0980fef91185",
            "fdd4215e-bac6-41e0-9801-dbec80463ce0",
            "b1f18435-8146-463c-9119-cf69c34888a6",
            "5dbb575e-ca9c-49d1-a787-9e40e412caab"
          ],
          "pending": [],
          "skipped": [],
          "duration": 30188,
          "root": false,
          "rootEmpty": false,
          "_timeout": 2000
        }
      ],
      "passes": [],
      "failures": [],
      "pending": [],
      "skipped": [],
      "duration": 0,
      "root": true,
      "rootEmpty": true,
      "_timeout": 2000
    }
  ],
  "meta": {
    "mocha": {
      "version": "7.0.1"
    },
    "mochawesome": {
      "options": {
        "quiet": false,
        "reportFilename": "mochawesome",
        "saveHtml": false,
        "saveJson": true,
        "consoleReporter": "spec",
        "useInlineDiffs": false,
        "code": true
      },
      "version": "7.1.3"
    },
    "marge": {
      "options": {
        "overwrite": false,
        "html": false,
        "json": true
      },
      "version": "6.2.0"
    }
  }
}