{
  "stats": {
    "suites": 1,
    "tests": 1,
    "passes": 0,
    "pending": 0,
    "failures": 1,
    "start": "2022-10-31T15:36:22.016Z",
    "end": "2022-10-31T15:36:27.088Z",
    "duration": 5072,
    "testsRegistered": 1,
    "passPercent": 0,
    "pendingPercent": 0,
    "other": 0,
    "hasOther": false,
    "skipped": 0,
    "hasSkipped": false
  },
  "results": [
    {
      "uuid": "b29b2357-e086-4f0d-9082-810664e28bbf",
      "title": "",
      "fullFile": "cypress\\e2e\\requests.cy.js",
      "file": "cypress\\e2e\\requests.cy.js",
      "beforeHooks": [],
      "afterHooks": [],
      "tests": [],
      "suites": [
        {
          "uuid": "3d16447b-2556-42e1-a197-d34b4a9fa9a1",
          "title": "Working with http requests",
          "fullFile": "",
          "file": "",
          "beforeHooks": [],
          "afterHooks": [],
          "tests": [
            {
              "title": "should intercept the request to DB for fetching posts(pins) and find post with 'ferris' in it",
              "fullTitle": "Working with http requests should intercept the request to DB for fetching posts(pins) and find post with 'ferris' in it",
              "timedOut": null,
              "duration": 4972,
              "state": "failed",
              "speed": null,
              "pass": false,
              "fail": true,
              "pending": false,
              "context": null,
              "code": "cy.intercept(\"GET\", \"https://localhost:3000\", {\n  fixture: \"posts.json\"\n});\ncy.get('.main-post__title').contains('ferris');",
              "err": {
                "message": "AssertionError: Timed out retrying after 4000ms: Expected to find element: `.main-post__title`, but never found it.",
                "estack": "AssertionError: Timed out retrying after 4000ms: Expected to find element: `.main-post__title`, but never found it.\n    at Context.eval (http://localhost/__cypress/tests?p=cypress\\e2e\\requests.cy.js:108:8)",
                "diff": null
              },
              "uuid": "a2f3ee92-e671-4b66-8bdf-11ba2eee0af7",
              "parentUUID": "3d16447b-2556-42e1-a197-d34b4a9fa9a1",
              "isHook": false,
              "skipped": false
            }
          ],
          "suites": [],
          "passes": [],
          "failures": [
            "a2f3ee92-e671-4b66-8bdf-11ba2eee0af7"
          ],
          "pending": [],
          "skipped": [],
          "duration": 4972,
          "root": false,
          "rootEmpty": false,
          "_timeout": 2000
        }
      ],
      "passes": [],
      "failures": [],
      "pending": [],
      "skipped": [],
      "duration": 0,
      "root": true,
      "rootEmpty": true,
      "_timeout": 2000
    }
  ],
  "meta": {
    "mocha": {
      "version": "7.0.1"
    },
    "mochawesome": {
      "options": {
        "quiet": false,
        "reportFilename": "mochawesome",
        "saveHtml": false,
        "saveJson": true,
        "consoleReporter": "spec",
        "useInlineDiffs": false,
        "code": true
      },
      "version": "7.1.3"
    },
    "marge": {
      "options": {
        "overwrite": false,
        "html": false,
        "json": true
      },
      "version": "6.2.0"
    }
  }
}